2022-12-09 13:21:44,576 [main] INFO  [com.ecnu.tripmap.TripMapApplicationTests] StartupInfoLogger.java:55 - Starting TripMapApplicationTests using Java 11.0.16.1 on LAPTOP-OAOL1TK5 with PID 25460 (started by admin in D:\Downloads\TripMap-master(1)\TripMap-master)
2022-12-09 13:21:44,578 [main] DEBUG [com.ecnu.tripmap.TripMapApplicationTests] StartupInfoLogger.java:56 - Running with Spring Boot v2.7.5, Spring v5.3.23
2022-12-09 13:21:44,578 [main] INFO  [com.ecnu.tripmap.TripMapApplicationTests] SpringApplication.java:634 - No active profile set, falling back to 1 default profile: "default"
2022-12-09 13:21:45,308 [main] INFO  [o.s.d.r.config.RepositoryConfigurationDelegate] RepositoryConfigurationDelegate.java:262 - Multiple Spring Data modules found, entering strict repository configuration mode
2022-12-09 13:21:45,310 [main] INFO  [o.s.d.r.config.RepositoryConfigurationDelegate] RepositoryConfigurationDelegate.java:132 - Bootstrapping Spring Data JDBC repositories in DEFAULT mode.
2022-12-09 13:21:45,335 [main] INFO  [o.s.d.r.c.RepositoryConfigurationExtensionSupport] RepositoryConfigurationExtensionSupport.java:349 - Spring Data JDBC - Could not safely identify store assignment for repository candidate interface com.ecnu.tripmap.neo4j.dao.PlaceRepository; If you want this repository to be a JDBC repository, consider annotating your entities with one of these annotations: org.springframework.data.relational.core.mapping.Table.
2022-12-09 13:21:45,337 [main] INFO  [o.s.d.r.c.RepositoryConfigurationExtensionSupport] RepositoryConfigurationExtensionSupport.java:349 - Spring Data JDBC - Could not safely identify store assignment for repository candidate interface com.ecnu.tripmap.neo4j.dao.PostRepository; If you want this repository to be a JDBC repository, consider annotating your entities with one of these annotations: org.springframework.data.relational.core.mapping.Table.
2022-12-09 13:21:45,338 [main] INFO  [o.s.d.r.c.RepositoryConfigurationExtensionSupport] RepositoryConfigurationExtensionSupport.java:349 - Spring Data JDBC - Could not safely identify store assignment for repository candidate interface com.ecnu.tripmap.neo4j.dao.TopicRepository; If you want this repository to be a JDBC repository, consider annotating your entities with one of these annotations: org.springframework.data.relational.core.mapping.Table.
2022-12-09 13:21:45,339 [main] INFO  [o.s.d.r.c.RepositoryConfigurationExtensionSupport] RepositoryConfigurationExtensionSupport.java:349 - Spring Data JDBC - Could not safely identify store assignment for repository candidate interface com.ecnu.tripmap.neo4j.dao.UserRepository; If you want this repository to be a JDBC repository, consider annotating your entities with one of these annotations: org.springframework.data.relational.core.mapping.Table.
2022-12-09 13:21:45,339 [main] INFO  [o.s.d.r.config.RepositoryConfigurationDelegate] RepositoryConfigurationDelegate.java:201 - Finished Spring Data repository scanning in 25 ms. Found 0 JDBC repository interfaces.
2022-12-09 13:21:45,364 [main] INFO  [o.s.d.r.config.RepositoryConfigurationDelegate] RepositoryConfigurationDelegate.java:262 - Multiple Spring Data modules found, entering strict repository configuration mode
2022-12-09 13:21:45,365 [main] INFO  [o.s.d.r.config.RepositoryConfigurationDelegate] RepositoryConfigurationDelegate.java:132 - Bootstrapping Spring Data Neo4j repositories in DEFAULT mode.
2022-12-09 13:21:45,394 [main] INFO  [o.s.d.r.config.RepositoryConfigurationDelegate] RepositoryConfigurationDelegate.java:201 - Finished Spring Data repository scanning in 27 ms. Found 4 Neo4j repository interfaces.
2022-12-09 13:21:46,307 [main] INFO  [org.neo4j.driver.internal.DriverFactory] Neo4jSpringJclLogging.java:63 - Direct driver instance 1690893563 created for server address localhost:7687
2022-12-09 13:21:47,959 [main] INFO  [s.d.s.w.PropertySourcedRequestMappingHandlerMapping] PropertySourcedRequestMappingHandlerMapping.java:69 - Mapped URL path [/v2/api-docs] onto method [springfox.documentation.swagger2.web.Swagger2Controller#getDocumentation(String, HttpServletRequest)]
2022-12-09 13:21:48,014 [main] WARN  [o.s.b.a.s.s.UserDetailsServiceAutoConfiguration] UserDetailsServiceAutoConfiguration.java:88 - 

Using generated security password: 447923a2-e345-4763-9e11-14127da70d9e

This generated password is for development use only. Your security configuration must be updated before running your application in production.

2022-12-09 13:21:48,184 [main] INFO  [o.s.security.web.DefaultSecurityFilterChain] DefaultSecurityFilterChain.java:55 - Will secure any request with [org.springframework.security.web.session.DisableEncodeUrlFilter@1c4aa701, org.springframework.security.web.context.request.async.WebAsyncManagerIntegrationFilter@6f36267d, org.springframework.security.web.context.SecurityContextPersistenceFilter@146db8a6, org.springframework.security.web.header.HeaderWriterFilter@4203529f, org.springframework.security.web.authentication.logout.LogoutFilter@5340ccb9, org.springframework.security.web.savedrequest.RequestCacheAwareFilter@78b8f818, org.springframework.security.web.servletapi.SecurityContextHolderAwareRequestFilter@1f70bce5, org.springframework.security.web.authentication.AnonymousAuthenticationFilter@788a0513, org.springframework.security.web.session.SessionManagementFilter@361f1647, org.springframework.security.web.access.ExceptionTranslationFilter@22ee7fdc, org.springframework.security.web.access.intercept.FilterSecurityInterceptor@7cd3860]
2022-12-09 13:21:48,698 [main] INFO  [com.zaxxer.hikari.HikariDataSource] HikariDataSource.java:110 - HikariPool-1 - Starting...
2022-12-09 13:21:48,952 [main] INFO  [com.zaxxer.hikari.HikariDataSource] HikariDataSource.java:123 - HikariPool-1 - Start completed.
2022-12-09 13:21:49,109 [main] INFO  [s.d.s.web.plugins.DocumentationPluginsBootstrapper] DocumentationPluginsBootstrapper.java:160 - Context refreshed
2022-12-09 13:21:49,128 [main] INFO  [s.d.s.web.plugins.DocumentationPluginsBootstrapper] DocumentationPluginsBootstrapper.java:163 - Found 1 custom documentation plugin(s)
2022-12-09 13:21:49,151 [main] INFO  [s.d.spring.web.scanners.ApiListingReferenceScanner] ApiListingReferenceScanner.java:41 - Scanning for api listing references
2022-12-09 13:21:49,344 [main] INFO  [com.ecnu.tripmap.TripMapApplicationTests] StartupInfoLogger.java:61 - Started TripMapApplicationTests in 5.124 seconds (JVM running for 6.148)
2022-12-09 13:21:49,678 [main] DEBUG [com.ecnu.tripmap.mysql.mapper.PostMapper.insert] BaseJdbcLogger.java:137 - ==>  Preparing: INSERT INTO post ( post_publish_time, post_image_list, post_desc, post_collect_count, post_like_count, post_title ) VALUES ( ?, ?, ?, ?, ?, ? )
2022-12-09 13:21:49,698 [main] DEBUG [com.ecnu.tripmap.mysql.mapper.PostMapper.insert] BaseJdbcLogger.java:137 - ==> Parameters: 2022-12-09 13:21:49.674(Timestamp), 123(String), 123(String), 0(Integer), 0(Integer), 123(String)
2022-12-09 13:21:49,730 [main] DEBUG [com.ecnu.tripmap.mysql.mapper.PostMapper.insert] BaseJdbcLogger.java:137 - <==    Updates: 1
2022-12-09 13:21:50,485 [SpringApplicationShutdownHook] INFO  [com.zaxxer.hikari.HikariDataSource] HikariDataSource.java:350 - HikariPool-1 - Shutdown initiated...
2022-12-09 13:21:50,495 [SpringApplicationShutdownHook] INFO  [com.zaxxer.hikari.HikariDataSource] HikariDataSource.java:352 - HikariPool-1 - Shutdown completed.
2022-12-09 13:21:50,496 [SpringApplicationShutdownHook] INFO  [org.neo4j.driver.internal.InternalDriver] Neo4jSpringJclLogging.java:63 - Closing driver instance 1690893563
2022-12-09 13:21:50,497 [SpringApplicationShutdownHook] INFO  [o.n.driver.internal.async.pool.ConnectionPoolImpl] Neo4jSpringJclLogging.java:63 - Closing connection pool towards localhost:7687
