2022-12-10 17:09:23,484 [main] INFO  [com.ecnu.tripmap.TripMapApplicationTests] StartupInfoLogger.java:55 - Starting TripMapApplicationTests using Java 11.0.16.1 on LAPTOP-OAOL1TK5 with PID 18800 (started by admin in D:\Java\IdeaProjects\TripMap-master(1)\TripMap-master)
2022-12-10 17:09:23,485 [main] DEBUG [com.ecnu.tripmap.TripMapApplicationTests] StartupInfoLogger.java:56 - Running with Spring Boot v2.7.5, Spring v5.3.23
2022-12-10 17:09:23,485 [main] INFO  [com.ecnu.tripmap.TripMapApplicationTests] SpringApplication.java:634 - No active profile set, falling back to 1 default profile: "default"
2022-12-10 17:09:24,115 [main] INFO  [o.s.d.r.config.RepositoryConfigurationDelegate] RepositoryConfigurationDelegate.java:262 - Multiple Spring Data modules found, entering strict repository configuration mode
2022-12-10 17:09:24,116 [main] INFO  [o.s.d.r.config.RepositoryConfigurationDelegate] RepositoryConfigurationDelegate.java:132 - Bootstrapping Spring Data JDBC repositories in DEFAULT mode.
2022-12-10 17:09:24,139 [main] INFO  [o.s.d.r.c.RepositoryConfigurationExtensionSupport] RepositoryConfigurationExtensionSupport.java:349 - Spring Data JDBC - Could not safely identify store assignment for repository candidate interface com.ecnu.tripmap.neo4j.dao.PlaceRepository; If you want this repository to be a JDBC repository, consider annotating your entities with one of these annotations: org.springframework.data.relational.core.mapping.Table.
2022-12-10 17:09:24,140 [main] INFO  [o.s.d.r.c.RepositoryConfigurationExtensionSupport] RepositoryConfigurationExtensionSupport.java:349 - Spring Data JDBC - Could not safely identify store assignment for repository candidate interface com.ecnu.tripmap.neo4j.dao.PostRepository; If you want this repository to be a JDBC repository, consider annotating your entities with one of these annotations: org.springframework.data.relational.core.mapping.Table.
2022-12-10 17:09:24,142 [main] INFO  [o.s.d.r.c.RepositoryConfigurationExtensionSupport] RepositoryConfigurationExtensionSupport.java:349 - Spring Data JDBC - Could not safely identify store assignment for repository candidate interface com.ecnu.tripmap.neo4j.dao.TopicRepository; If you want this repository to be a JDBC repository, consider annotating your entities with one of these annotations: org.springframework.data.relational.core.mapping.Table.
2022-12-10 17:09:24,143 [main] INFO  [o.s.d.r.c.RepositoryConfigurationExtensionSupport] RepositoryConfigurationExtensionSupport.java:349 - Spring Data JDBC - Could not safely identify store assignment for repository candidate interface com.ecnu.tripmap.neo4j.dao.UserRepository; If you want this repository to be a JDBC repository, consider annotating your entities with one of these annotations: org.springframework.data.relational.core.mapping.Table.
2022-12-10 17:09:24,143 [main] INFO  [o.s.d.r.config.RepositoryConfigurationDelegate] RepositoryConfigurationDelegate.java:201 - Finished Spring Data repository scanning in 24 ms. Found 0 JDBC repository interfaces.
2022-12-10 17:09:24,164 [main] INFO  [o.s.d.r.config.RepositoryConfigurationDelegate] RepositoryConfigurationDelegate.java:262 - Multiple Spring Data modules found, entering strict repository configuration mode
2022-12-10 17:09:24,166 [main] INFO  [o.s.d.r.config.RepositoryConfigurationDelegate] RepositoryConfigurationDelegate.java:132 - Bootstrapping Spring Data Neo4j repositories in DEFAULT mode.
2022-12-10 17:09:24,192 [main] INFO  [o.s.d.r.config.RepositoryConfigurationDelegate] RepositoryConfigurationDelegate.java:201 - Finished Spring Data repository scanning in 24 ms. Found 4 Neo4j repository interfaces.
2022-12-10 17:09:25,013 [main] INFO  [org.neo4j.driver.internal.DriverFactory] Neo4jSpringJclLogging.java:63 - Direct driver instance 566105282 created for server address localhost:7687
2022-12-10 17:09:26,468 [main] INFO  [s.d.s.w.PropertySourcedRequestMappingHandlerMapping] PropertySourcedRequestMappingHandlerMapping.java:69 - Mapped URL path [/v2/api-docs] onto method [springfox.documentation.swagger2.web.Swagger2Controller#getDocumentation(String, HttpServletRequest)]
2022-12-10 17:09:26,519 [main] WARN  [o.s.b.a.s.s.UserDetailsServiceAutoConfiguration] UserDetailsServiceAutoConfiguration.java:88 - 

Using generated security password: 7f788601-9971-42fc-8a83-d1b01b4fc870

This generated password is for development use only. Your security configuration must be updated before running your application in production.

2022-12-10 17:09:26,673 [main] INFO  [o.s.security.web.DefaultSecurityFilterChain] DefaultSecurityFilterChain.java:55 - Will secure any request with [org.springframework.security.web.session.DisableEncodeUrlFilter@788a0513, org.springframework.security.web.context.request.async.WebAsyncManagerIntegrationFilter@d65e744, org.springframework.security.web.context.SecurityContextPersistenceFilter@40c0437f, org.springframework.security.web.header.HeaderWriterFilter@2aaa89c2, org.springframework.security.web.authentication.logout.LogoutFilter@582ea164, org.springframework.security.web.savedrequest.RequestCacheAwareFilter@2d3111a1, org.springframework.security.web.servletapi.SecurityContextHolderAwareRequestFilter@16cb6f51, org.springframework.security.web.authentication.AnonymousAuthenticationFilter@44de3b46, org.springframework.security.web.session.SessionManagementFilter@6f2a3b37, org.springframework.security.web.access.ExceptionTranslationFilter@6949cead, org.springframework.security.web.access.intercept.FilterSecurityInterceptor@59cde35]
2022-12-10 17:09:27,185 [main] INFO  [com.zaxxer.hikari.HikariDataSource] HikariDataSource.java:110 - HikariPool-1 - Starting...
2022-12-10 17:09:28,357 [main] WARN  [o.s.w.context.support.GenericWebApplicationContext] AbstractApplicationContext.java:591 - Exception encountered during context initialization - cancelling refresh attempt: org.springframework.beans.factory.UnsatisfiedDependencyException: Error creating bean with name 'jdbcMappingContext' defined in class path resource [org/springframework/boot/autoconfigure/data/jdbc/JdbcRepositoriesAutoConfiguration$SpringBootJdbcConfiguration.class]: Unsatisfied dependency expressed through method 'jdbcMappingContext' parameter 1; nested exception is org.springframework.beans.factory.BeanCreationException: Error creating bean with name 'jdbcCustomConversions' defined in class path resource [org/springframework/boot/autoconfigure/data/jdbc/JdbcRepositoriesAutoConfiguration$SpringBootJdbcConfiguration.class]: Bean instantiation via factory method failed; nested exception is org.springframework.beans.BeanInstantiationException: Failed to instantiate [org.springframework.data.jdbc.core.convert.JdbcCustomConversions]: Factory method 'jdbcCustomConversions' threw exception; nested exception is org.springframework.beans.factory.BeanCreationException: Error creating bean with name 'jdbcDialect' defined in class path resource [org/springframework/boot/autoconfigure/data/jdbc/JdbcRepositoriesAutoConfiguration$SpringBootJdbcConfiguration.class]: Bean instantiation via factory method failed; nested exception is org.springframework.beans.BeanInstantiationException: Failed to instantiate [org.springframework.data.relational.core.dialect.Dialect]: Factory method 'jdbcDialect' threw exception; nested exception is org.springframework.jdbc.CannotGetJdbcConnectionException: Failed to obtain JDBC Connection; nested exception is java.sql.SQLNonTransientConnectionException: Public Key Retrieval is not allowed
2022-12-10 17:09:28,362 [main] INFO  [org.neo4j.driver.internal.InternalDriver] Neo4jSpringJclLogging.java:63 - Closing driver instance 566105282
2022-12-10 17:09:28,603 [main] INFO  [o.s.b.a.l.ConditionEvaluationReportLoggingListener] ConditionEvaluationReportLoggingListener.java:136 - 

Error starting ApplicationContext. To display the conditions report re-run your application with 'debug' enabled.
2022-12-10 17:10:51,819 [main] INFO  [com.ecnu.tripmap.TripMapApplicationTests] StartupInfoLogger.java:55 - Starting TripMapApplicationTests using Java 11.0.16.1 on LAPTOP-OAOL1TK5 with PID 21500 (started by admin in D:\Java\IdeaProjects\TripMap-master(1)\TripMap-master)
2022-12-10 17:10:51,820 [main] DEBUG [com.ecnu.tripmap.TripMapApplicationTests] StartupInfoLogger.java:56 - Running with Spring Boot v2.7.5, Spring v5.3.23
2022-12-10 17:10:51,821 [main] INFO  [com.ecnu.tripmap.TripMapApplicationTests] SpringApplication.java:634 - No active profile set, falling back to 1 default profile: "default"
2022-12-10 17:10:52,499 [main] INFO  [o.s.d.r.config.RepositoryConfigurationDelegate] RepositoryConfigurationDelegate.java:262 - Multiple Spring Data modules found, entering strict repository configuration mode
2022-12-10 17:10:52,501 [main] INFO  [o.s.d.r.config.RepositoryConfigurationDelegate] RepositoryConfigurationDelegate.java:132 - Bootstrapping Spring Data JDBC repositories in DEFAULT mode.
2022-12-10 17:10:52,534 [main] INFO  [o.s.d.r.c.RepositoryConfigurationExtensionSupport] RepositoryConfigurationExtensionSupport.java:349 - Spring Data JDBC - Could not safely identify store assignment for repository candidate interface com.ecnu.tripmap.neo4j.dao.PlaceRepository; If you want this repository to be a JDBC repository, consider annotating your entities with one of these annotations: org.springframework.data.relational.core.mapping.Table.
2022-12-10 17:10:52,536 [main] INFO  [o.s.d.r.c.RepositoryConfigurationExtensionSupport] RepositoryConfigurationExtensionSupport.java:349 - Spring Data JDBC - Could not safely identify store assignment for repository candidate interface com.ecnu.tripmap.neo4j.dao.PostRepository; If you want this repository to be a JDBC repository, consider annotating your entities with one of these annotations: org.springframework.data.relational.core.mapping.Table.
2022-12-10 17:10:52,537 [main] INFO  [o.s.d.r.c.RepositoryConfigurationExtensionSupport] RepositoryConfigurationExtensionSupport.java:349 - Spring Data JDBC - Could not safely identify store assignment for repository candidate interface com.ecnu.tripmap.neo4j.dao.TopicRepository; If you want this repository to be a JDBC repository, consider annotating your entities with one of these annotations: org.springframework.data.relational.core.mapping.Table.
2022-12-10 17:10:52,538 [main] INFO  [o.s.d.r.c.RepositoryConfigurationExtensionSupport] RepositoryConfigurationExtensionSupport.java:349 - Spring Data JDBC - Could not safely identify store assignment for repository candidate interface com.ecnu.tripmap.neo4j.dao.UserRepository; If you want this repository to be a JDBC repository, consider annotating your entities with one of these annotations: org.springframework.data.relational.core.mapping.Table.
2022-12-10 17:10:52,539 [main] INFO  [o.s.d.r.config.RepositoryConfigurationDelegate] RepositoryConfigurationDelegate.java:201 - Finished Spring Data repository scanning in 33 ms. Found 0 JDBC repository interfaces.
2022-12-10 17:10:52,555 [main] INFO  [o.s.d.r.config.RepositoryConfigurationDelegate] RepositoryConfigurationDelegate.java:262 - Multiple Spring Data modules found, entering strict repository configuration mode
2022-12-10 17:10:52,556 [main] INFO  [o.s.d.r.config.RepositoryConfigurationDelegate] RepositoryConfigurationDelegate.java:132 - Bootstrapping Spring Data Neo4j repositories in DEFAULT mode.
2022-12-10 17:10:52,584 [main] INFO  [o.s.d.r.config.RepositoryConfigurationDelegate] RepositoryConfigurationDelegate.java:201 - Finished Spring Data repository scanning in 26 ms. Found 4 Neo4j repository interfaces.
2022-12-10 17:10:53,716 [main] INFO  [org.neo4j.driver.internal.DriverFactory] Neo4jSpringJclLogging.java:63 - Direct driver instance 1407795127 created for server address localhost:7687
2022-12-10 17:10:55,498 [main] INFO  [s.d.s.w.PropertySourcedRequestMappingHandlerMapping] PropertySourcedRequestMappingHandlerMapping.java:69 - Mapped URL path [/v2/api-docs] onto method [springfox.documentation.swagger2.web.Swagger2Controller#getDocumentation(String, HttpServletRequest)]
2022-12-10 17:10:55,575 [main] WARN  [o.s.b.a.s.s.UserDetailsServiceAutoConfiguration] UserDetailsServiceAutoConfiguration.java:88 - 

Using generated security password: 18b8aed8-6577-4296-8630-db4223e6e2d7

This generated password is for development use only. Your security configuration must be updated before running your application in production.

2022-12-10 17:10:55,773 [main] INFO  [o.s.security.web.DefaultSecurityFilterChain] DefaultSecurityFilterChain.java:55 - Will secure any request with [org.springframework.security.web.session.DisableEncodeUrlFilter@716e6fa5, org.springframework.security.web.context.request.async.WebAsyncManagerIntegrationFilter@91a1005, org.springframework.security.web.context.SecurityContextPersistenceFilter@2ab7f649, org.springframework.security.web.header.HeaderWriterFilter@57df09a7, org.springframework.security.web.authentication.logout.LogoutFilter@671f545b, org.springframework.security.web.savedrequest.RequestCacheAwareFilter@220be130, org.springframework.security.web.servletapi.SecurityContextHolderAwareRequestFilter@62410e1f, org.springframework.security.web.authentication.AnonymousAuthenticationFilter@1885dc2b, org.springframework.security.web.session.SessionManagementFilter@3211cc84, org.springframework.security.web.access.ExceptionTranslationFilter@7affee54, org.springframework.security.web.access.intercept.FilterSecurityInterceptor@24a7d3d3]
2022-12-10 17:10:56,399 [main] INFO  [com.zaxxer.hikari.HikariDataSource] HikariDataSource.java:110 - HikariPool-1 - Starting...
2022-12-10 17:10:57,611 [main] WARN  [o.s.w.context.support.GenericWebApplicationContext] AbstractApplicationContext.java:591 - Exception encountered during context initialization - cancelling refresh attempt: org.springframework.beans.factory.UnsatisfiedDependencyException: Error creating bean with name 'jdbcMappingContext' defined in class path resource [org/springframework/boot/autoconfigure/data/jdbc/JdbcRepositoriesAutoConfiguration$SpringBootJdbcConfiguration.class]: Unsatisfied dependency expressed through method 'jdbcMappingContext' parameter 1; nested exception is org.springframework.beans.factory.BeanCreationException: Error creating bean with name 'jdbcCustomConversions' defined in class path resource [org/springframework/boot/autoconfigure/data/jdbc/JdbcRepositoriesAutoConfiguration$SpringBootJdbcConfiguration.class]: Bean instantiation via factory method failed; nested exception is org.springframework.beans.BeanInstantiationException: Failed to instantiate [org.springframework.data.jdbc.core.convert.JdbcCustomConversions]: Factory method 'jdbcCustomConversions' threw exception; nested exception is org.springframework.beans.factory.BeanCreationException: Error creating bean with name 'jdbcDialect' defined in class path resource [org/springframework/boot/autoconfigure/data/jdbc/JdbcRepositoriesAutoConfiguration$SpringBootJdbcConfiguration.class]: Bean instantiation via factory method failed; nested exception is org.springframework.beans.BeanInstantiationException: Failed to instantiate [org.springframework.data.relational.core.dialect.Dialect]: Factory method 'jdbcDialect' threw exception; nested exception is org.springframework.jdbc.CannotGetJdbcConnectionException: Failed to obtain JDBC Connection; nested exception is java.sql.SQLNonTransientConnectionException: Public Key Retrieval is not allowed
2022-12-10 17:10:57,616 [main] INFO  [org.neo4j.driver.internal.InternalDriver] Neo4jSpringJclLogging.java:63 - Closing driver instance 1407795127
2022-12-10 17:10:57,861 [main] INFO  [o.s.b.a.l.ConditionEvaluationReportLoggingListener] ConditionEvaluationReportLoggingListener.java:136 - 

Error starting ApplicationContext. To display the conditions report re-run your application with 'debug' enabled.
2022-12-10 17:14:16,123 [main] INFO  [com.ecnu.tripmap.TripMapApplicationTests] StartupInfoLogger.java:55 - Starting TripMapApplicationTests using Java 11.0.16.1 on LAPTOP-OAOL1TK5 with PID 19684 (started by admin in D:\Java\IdeaProjects\TripMap-master(1)\TripMap-master)
2022-12-10 17:14:16,124 [main] DEBUG [com.ecnu.tripmap.TripMapApplicationTests] StartupInfoLogger.java:56 - Running with Spring Boot v2.7.5, Spring v5.3.23
2022-12-10 17:14:16,125 [main] INFO  [com.ecnu.tripmap.TripMapApplicationTests] SpringApplication.java:634 - No active profile set, falling back to 1 default profile: "default"
2022-12-10 17:14:16,755 [main] INFO  [o.s.d.r.config.RepositoryConfigurationDelegate] RepositoryConfigurationDelegate.java:262 - Multiple Spring Data modules found, entering strict repository configuration mode
2022-12-10 17:14:16,757 [main] INFO  [o.s.d.r.config.RepositoryConfigurationDelegate] RepositoryConfigurationDelegate.java:132 - Bootstrapping Spring Data JDBC repositories in DEFAULT mode.
2022-12-10 17:14:16,780 [main] INFO  [o.s.d.r.c.RepositoryConfigurationExtensionSupport] RepositoryConfigurationExtensionSupport.java:349 - Spring Data JDBC - Could not safely identify store assignment for repository candidate interface com.ecnu.tripmap.neo4j.dao.PlaceRepository; If you want this repository to be a JDBC repository, consider annotating your entities with one of these annotations: org.springframework.data.relational.core.mapping.Table.
2022-12-10 17:14:16,781 [main] INFO  [o.s.d.r.c.RepositoryConfigurationExtensionSupport] RepositoryConfigurationExtensionSupport.java:349 - Spring Data JDBC - Could not safely identify store assignment for repository candidate interface com.ecnu.tripmap.neo4j.dao.PostRepository; If you want this repository to be a JDBC repository, consider annotating your entities with one of these annotations: org.springframework.data.relational.core.mapping.Table.
2022-12-10 17:14:16,783 [main] INFO  [o.s.d.r.c.RepositoryConfigurationExtensionSupport] RepositoryConfigurationExtensionSupport.java:349 - Spring Data JDBC - Could not safely identify store assignment for repository candidate interface com.ecnu.tripmap.neo4j.dao.TopicRepository; If you want this repository to be a JDBC repository, consider annotating your entities with one of these annotations: org.springframework.data.relational.core.mapping.Table.
2022-12-10 17:14:16,784 [main] INFO  [o.s.d.r.c.RepositoryConfigurationExtensionSupport] RepositoryConfigurationExtensionSupport.java:349 - Spring Data JDBC - Could not safely identify store assignment for repository candidate interface com.ecnu.tripmap.neo4j.dao.UserRepository; If you want this repository to be a JDBC repository, consider annotating your entities with one of these annotations: org.springframework.data.relational.core.mapping.Table.
2022-12-10 17:14:16,784 [main] INFO  [o.s.d.r.config.RepositoryConfigurationDelegate] RepositoryConfigurationDelegate.java:201 - Finished Spring Data repository scanning in 24 ms. Found 0 JDBC repository interfaces.
2022-12-10 17:14:16,806 [main] INFO  [o.s.d.r.config.RepositoryConfigurationDelegate] RepositoryConfigurationDelegate.java:262 - Multiple Spring Data modules found, entering strict repository configuration mode
2022-12-10 17:14:16,808 [main] INFO  [o.s.d.r.config.RepositoryConfigurationDelegate] RepositoryConfigurationDelegate.java:132 - Bootstrapping Spring Data Neo4j repositories in DEFAULT mode.
2022-12-10 17:14:16,834 [main] INFO  [o.s.d.r.config.RepositoryConfigurationDelegate] RepositoryConfigurationDelegate.java:201 - Finished Spring Data repository scanning in 24 ms. Found 4 Neo4j repository interfaces.
2022-12-10 17:14:17,665 [main] INFO  [org.neo4j.driver.internal.DriverFactory] Neo4jSpringJclLogging.java:63 - Direct driver instance 1963774829 created for server address localhost:7687
2022-12-10 17:14:19,140 [main] INFO  [s.d.s.w.PropertySourcedRequestMappingHandlerMapping] PropertySourcedRequestMappingHandlerMapping.java:69 - Mapped URL path [/v2/api-docs] onto method [springfox.documentation.swagger2.web.Swagger2Controller#getDocumentation(String, HttpServletRequest)]
2022-12-10 17:14:19,193 [main] WARN  [o.s.b.a.s.s.UserDetailsServiceAutoConfiguration] UserDetailsServiceAutoConfiguration.java:88 - 

Using generated security password: c73907a5-1676-49ed-bcb2-d845fe1d9924

This generated password is for development use only. Your security configuration must be updated before running your application in production.

2022-12-10 17:14:19,357 [main] INFO  [o.s.security.web.DefaultSecurityFilterChain] DefaultSecurityFilterChain.java:55 - Will secure any request with [org.springframework.security.web.session.DisableEncodeUrlFilter@28c7fd9d, org.springframework.security.web.context.request.async.WebAsyncManagerIntegrationFilter@6a63ff31, org.springframework.security.web.context.SecurityContextPersistenceFilter@323b0632, org.springframework.security.web.header.HeaderWriterFilter@6b278b17, org.springframework.security.web.authentication.logout.LogoutFilter@288b73c1, org.springframework.security.web.savedrequest.RequestCacheAwareFilter@2a20da9f, org.springframework.security.web.servletapi.SecurityContextHolderAwareRequestFilter@6f2864c3, org.springframework.security.web.authentication.AnonymousAuthenticationFilter@1c4aa701, org.springframework.security.web.session.SessionManagementFilter@53ddabc6, org.springframework.security.web.access.ExceptionTranslationFilter@53c40ed6, org.springframework.security.web.access.intercept.FilterSecurityInterceptor@c29b0dc]
2022-12-10 17:14:19,857 [main] INFO  [com.zaxxer.hikari.HikariDataSource] HikariDataSource.java:110 - HikariPool-1 - Starting...
2022-12-10 17:14:20,033 [main] INFO  [com.zaxxer.hikari.HikariDataSource] HikariDataSource.java:123 - HikariPool-1 - Start completed.
2022-12-10 17:14:20,169 [main] INFO  [s.d.s.web.plugins.DocumentationPluginsBootstrapper] DocumentationPluginsBootstrapper.java:160 - Context refreshed
2022-12-10 17:14:20,189 [main] INFO  [s.d.s.web.plugins.DocumentationPluginsBootstrapper] DocumentationPluginsBootstrapper.java:163 - Found 1 custom documentation plugin(s)
2022-12-10 17:14:20,213 [main] INFO  [s.d.spring.web.scanners.ApiListingReferenceScanner] ApiListingReferenceScanner.java:41 - Scanning for api listing references
2022-12-10 17:14:20,329 [main] INFO  [s.d.s.w.r.operation.CachingOperationNameGenerator] CachingOperationNameGenerator.java:40 - Generating unique operation named: publishUsingPOST_1
2022-12-10 17:14:20,378 [main] INFO  [com.ecnu.tripmap.TripMapApplicationTests] StartupInfoLogger.java:61 - Started TripMapApplicationTests in 4.609 seconds (JVM running for 5.532)
2022-12-10 17:14:20,654 [SpringApplicationShutdownHook] INFO  [com.zaxxer.hikari.HikariDataSource] HikariDataSource.java:350 - HikariPool-1 - Shutdown initiated...
2022-12-10 17:14:20,664 [SpringApplicationShutdownHook] INFO  [com.zaxxer.hikari.HikariDataSource] HikariDataSource.java:352 - HikariPool-1 - Shutdown completed.
2022-12-10 17:14:20,665 [SpringApplicationShutdownHook] INFO  [org.neo4j.driver.internal.InternalDriver] Neo4jSpringJclLogging.java:63 - Closing driver instance 1963774829
2022-12-10 17:14:28,206 [main] INFO  [com.ecnu.tripmap.TripMapApplication] StartupInfoLogger.java:55 - Starting TripMapApplication using Java 11.0.16.1 on LAPTOP-OAOL1TK5 with PID 1128 (D:\Java\IdeaProjects\TripMap-master(1)\TripMap-master\target\classes started by admin in D:\Java\IdeaProjects\TripMap-master(1)\TripMap-master)
2022-12-10 17:14:28,208 [main] DEBUG [com.ecnu.tripmap.TripMapApplication] StartupInfoLogger.java:56 - Running with Spring Boot v2.7.5, Spring v5.3.23
2022-12-10 17:14:28,208 [main] INFO  [com.ecnu.tripmap.TripMapApplication] SpringApplication.java:634 - No active profile set, falling back to 1 default profile: "default"
2022-12-10 17:14:28,700 [main] INFO  [o.s.d.r.config.RepositoryConfigurationDelegate] RepositoryConfigurationDelegate.java:262 - Multiple Spring Data modules found, entering strict repository configuration mode
2022-12-10 17:14:28,701 [main] INFO  [o.s.d.r.config.RepositoryConfigurationDelegate] RepositoryConfigurationDelegate.java:132 - Bootstrapping Spring Data JDBC repositories in DEFAULT mode.
2022-12-10 17:14:28,720 [main] INFO  [o.s.d.r.c.RepositoryConfigurationExtensionSupport] RepositoryConfigurationExtensionSupport.java:349 - Spring Data JDBC - Could not safely identify store assignment for repository candidate interface com.ecnu.tripmap.neo4j.dao.PlaceRepository; If you want this repository to be a JDBC repository, consider annotating your entities with one of these annotations: org.springframework.data.relational.core.mapping.Table.
2022-12-10 17:14:28,721 [main] INFO  [o.s.d.r.c.RepositoryConfigurationExtensionSupport] RepositoryConfigurationExtensionSupport.java:349 - Spring Data JDBC - Could not safely identify store assignment for repository candidate interface com.ecnu.tripmap.neo4j.dao.PostRepository; If you want this repository to be a JDBC repository, consider annotating your entities with one of these annotations: org.springframework.data.relational.core.mapping.Table.
2022-12-10 17:14:28,722 [main] INFO  [o.s.d.r.c.RepositoryConfigurationExtensionSupport] RepositoryConfigurationExtensionSupport.java:349 - Spring Data JDBC - Could not safely identify store assignment for repository candidate interface com.ecnu.tripmap.neo4j.dao.TopicRepository; If you want this repository to be a JDBC repository, consider annotating your entities with one of these annotations: org.springframework.data.relational.core.mapping.Table.
2022-12-10 17:14:28,723 [main] INFO  [o.s.d.r.c.RepositoryConfigurationExtensionSupport] RepositoryConfigurationExtensionSupport.java:349 - Spring Data JDBC - Could not safely identify store assignment for repository candidate interface com.ecnu.tripmap.neo4j.dao.UserRepository; If you want this repository to be a JDBC repository, consider annotating your entities with one of these annotations: org.springframework.data.relational.core.mapping.Table.
2022-12-10 17:14:28,723 [main] INFO  [o.s.d.r.config.RepositoryConfigurationDelegate] RepositoryConfigurationDelegate.java:201 - Finished Spring Data repository scanning in 20 ms. Found 0 JDBC repository interfaces.
2022-12-10 17:14:28,736 [main] INFO  [o.s.d.r.config.RepositoryConfigurationDelegate] RepositoryConfigurationDelegate.java:262 - Multiple Spring Data modules found, entering strict repository configuration mode
2022-12-10 17:14:28,737 [main] INFO  [o.s.d.r.config.RepositoryConfigurationDelegate] RepositoryConfigurationDelegate.java:132 - Bootstrapping Spring Data Neo4j repositories in DEFAULT mode.
2022-12-10 17:14:28,760 [main] INFO  [o.s.d.r.config.RepositoryConfigurationDelegate] RepositoryConfigurationDelegate.java:201 - Finished Spring Data repository scanning in 21 ms. Found 4 Neo4j repository interfaces.
2022-12-10 17:14:29,081 [main] INFO  [o.s.boot.web.embedded.tomcat.TomcatWebServer] TomcatWebServer.java:108 - Tomcat initialized with port(s): 8080 (http)
2022-12-10 17:14:29,087 [main] INFO  [org.apache.catalina.core.StandardService] DirectJDKLog.java:173 - Starting service [Tomcat]
2022-12-10 17:14:29,087 [main] INFO  [org.apache.catalina.core.StandardEngine] DirectJDKLog.java:173 - Starting Servlet engine: [Apache Tomcat/9.0.68]
2022-12-10 17:14:29,191 [main] INFO  [o.a.c.core.ContainerBase.[Tomcat].[localhost].[/]] DirectJDKLog.java:173 - Initializing Spring embedded WebApplicationContext
2022-12-10 17:14:29,191 [main] INFO  [o.s.b.w.s.c.ServletWebServerApplicationContext] ServletWebServerApplicationContext.java:292 - Root WebApplicationContext: initialization completed in 956 ms
2022-12-10 17:14:29,330 [main] INFO  [org.neo4j.driver.internal.DriverFactory] Neo4jSpringJclLogging.java:63 - Direct driver instance 412121842 created for server address localhost:7687
2022-12-10 17:14:30,250 [main] INFO  [s.d.s.w.PropertySourcedRequestMappingHandlerMapping] PropertySourcedRequestMappingHandlerMapping.java:69 - Mapped URL path [/v2/api-docs] onto method [springfox.documentation.swagger2.web.Swagger2Controller#getDocumentation(String, HttpServletRequest)]
2022-12-10 17:14:30,272 [main] WARN  [o.s.b.a.s.s.UserDetailsServiceAutoConfiguration] UserDetailsServiceAutoConfiguration.java:88 - 

Using generated security password: c6713447-e593-481d-9c43-f8b129ed2943

This generated password is for development use only. Your security configuration must be updated before running your application in production.

2022-12-10 17:14:30,317 [main] INFO  [o.s.security.web.DefaultSecurityFilterChain] DefaultSecurityFilterChain.java:55 - Will secure any request with [org.springframework.security.web.session.DisableEncodeUrlFilter@460b77d6, org.springframework.security.web.context.request.async.WebAsyncManagerIntegrationFilter@6cb662e8, org.springframework.security.web.context.SecurityContextPersistenceFilter@2f3cd727, org.springframework.security.web.header.HeaderWriterFilter@5e46a125, org.springframework.security.web.authentication.logout.LogoutFilter@5c0272e0, org.springframework.security.web.savedrequest.RequestCacheAwareFilter@703cb756, org.springframework.security.web.servletapi.SecurityContextHolderAwareRequestFilter@17a77a7e, org.springframework.security.web.authentication.AnonymousAuthenticationFilter@13f2d42c, org.springframework.security.web.session.SessionManagementFilter@25b20860, org.springframework.security.web.access.ExceptionTranslationFilter@c1f0c7b, org.springframework.security.web.access.intercept.FilterSecurityInterceptor@20155dae]
2022-12-10 17:14:30,429 [main] INFO  [com.zaxxer.hikari.HikariDataSource] HikariDataSource.java:110 - HikariPool-1 - Starting...
2022-12-10 17:14:30,506 [main] INFO  [com.zaxxer.hikari.HikariDataSource] HikariDataSource.java:123 - HikariPool-1 - Start completed.
2022-12-10 17:14:30,592 [main] INFO  [o.s.boot.web.embedded.tomcat.TomcatWebServer] TomcatWebServer.java:220 - Tomcat started on port(s): 8080 (http) with context path ''
2022-12-10 17:14:30,593 [main] INFO  [s.d.s.web.plugins.DocumentationPluginsBootstrapper] DocumentationPluginsBootstrapper.java:160 - Context refreshed
2022-12-10 17:14:30,602 [main] INFO  [s.d.s.web.plugins.DocumentationPluginsBootstrapper] DocumentationPluginsBootstrapper.java:163 - Found 1 custom documentation plugin(s)
2022-12-10 17:14:30,618 [main] INFO  [s.d.spring.web.scanners.ApiListingReferenceScanner] ApiListingReferenceScanner.java:41 - Scanning for api listing references
2022-12-10 17:14:30,687 [main] INFO  [s.d.s.w.r.operation.CachingOperationNameGenerator] CachingOperationNameGenerator.java:40 - Generating unique operation named: publishUsingPOST_1
2022-12-10 17:14:30,711 [main] INFO  [com.ecnu.tripmap.TripMapApplication] StartupInfoLogger.java:61 - Started TripMapApplication in 2.788 seconds (JVM running for 3.644)
2022-12-10 17:14:43,698 [main] INFO  [com.ecnu.tripmap.TripMapApplicationTests] StartupInfoLogger.java:55 - Starting TripMapApplicationTests using Java 11.0.16.1 on LAPTOP-OAOL1TK5 with PID 7464 (started by admin in D:\Java\IdeaProjects\TripMap-master(1)\TripMap-master)
2022-12-10 17:14:43,699 [main] DEBUG [com.ecnu.tripmap.TripMapApplicationTests] StartupInfoLogger.java:56 - Running with Spring Boot v2.7.5, Spring v5.3.23
2022-12-10 17:14:43,699 [main] INFO  [com.ecnu.tripmap.TripMapApplicationTests] SpringApplication.java:634 - No active profile set, falling back to 1 default profile: "default"
2022-12-10 17:14:44,383 [main] INFO  [o.s.d.r.config.RepositoryConfigurationDelegate] RepositoryConfigurationDelegate.java:262 - Multiple Spring Data modules found, entering strict repository configuration mode
2022-12-10 17:14:44,385 [main] INFO  [o.s.d.r.config.RepositoryConfigurationDelegate] RepositoryConfigurationDelegate.java:132 - Bootstrapping Spring Data JDBC repositories in DEFAULT mode.
2022-12-10 17:14:44,418 [main] INFO  [o.s.d.r.c.RepositoryConfigurationExtensionSupport] RepositoryConfigurationExtensionSupport.java:349 - Spring Data JDBC - Could not safely identify store assignment for repository candidate interface com.ecnu.tripmap.neo4j.dao.PlaceRepository; If you want this repository to be a JDBC repository, consider annotating your entities with one of these annotations: org.springframework.data.relational.core.mapping.Table.
2022-12-10 17:14:44,420 [main] INFO  [o.s.d.r.c.RepositoryConfigurationExtensionSupport] RepositoryConfigurationExtensionSupport.java:349 - Spring Data JDBC - Could not safely identify store assignment for repository candidate interface com.ecnu.tripmap.neo4j.dao.PostRepository; If you want this repository to be a JDBC repository, consider annotating your entities with one of these annotations: org.springframework.data.relational.core.mapping.Table.
2022-12-10 17:14:44,421 [main] INFO  [o.s.d.r.c.RepositoryConfigurationExtensionSupport] RepositoryConfigurationExtensionSupport.java:349 - Spring Data JDBC - Could not safely identify store assignment for repository candidate interface com.ecnu.tripmap.neo4j.dao.TopicRepository; If you want this repository to be a JDBC repository, consider annotating your entities with one of these annotations: org.springframework.data.relational.core.mapping.Table.
2022-12-10 17:14:44,422 [main] INFO  [o.s.d.r.c.RepositoryConfigurationExtensionSupport] RepositoryConfigurationExtensionSupport.java:349 - Spring Data JDBC - Could not safely identify store assignment for repository candidate interface com.ecnu.tripmap.neo4j.dao.UserRepository; If you want this repository to be a JDBC repository, consider annotating your entities with one of these annotations: org.springframework.data.relational.core.mapping.Table.
2022-12-10 17:14:44,423 [main] INFO  [o.s.d.r.config.RepositoryConfigurationDelegate] RepositoryConfigurationDelegate.java:201 - Finished Spring Data repository scanning in 34 ms. Found 0 JDBC repository interfaces.
2022-12-10 17:14:44,438 [main] INFO  [o.s.d.r.config.RepositoryConfigurationDelegate] RepositoryConfigurationDelegate.java:262 - Multiple Spring Data modules found, entering strict repository configuration mode
2022-12-10 17:14:44,440 [main] INFO  [o.s.d.r.config.RepositoryConfigurationDelegate] RepositoryConfigurationDelegate.java:132 - Bootstrapping Spring Data Neo4j repositories in DEFAULT mode.
2022-12-10 17:14:44,471 [main] INFO  [o.s.d.r.config.RepositoryConfigurationDelegate] RepositoryConfigurationDelegate.java:201 - Finished Spring Data repository scanning in 29 ms. Found 4 Neo4j repository interfaces.
2022-12-10 17:14:45,360 [main] INFO  [org.neo4j.driver.internal.DriverFactory] Neo4jSpringJclLogging.java:63 - Direct driver instance 380390717 created for server address localhost:7687
2022-12-10 17:14:47,025 [main] INFO  [s.d.s.w.PropertySourcedRequestMappingHandlerMapping] PropertySourcedRequestMappingHandlerMapping.java:69 - Mapped URL path [/v2/api-docs] onto method [springfox.documentation.swagger2.web.Swagger2Controller#getDocumentation(String, HttpServletRequest)]
2022-12-10 17:14:47,087 [main] WARN  [o.s.b.a.s.s.UserDetailsServiceAutoConfiguration] UserDetailsServiceAutoConfiguration.java:88 - 

Using generated security password: 90989c19-f4fd-4d18-b37e-cbe6b0f31f46

This generated password is for development use only. Your security configuration must be updated before running your application in production.

2022-12-10 17:14:47,298 [main] INFO  [o.s.security.web.DefaultSecurityFilterChain] DefaultSecurityFilterChain.java:55 - Will secure any request with [org.springframework.security.web.session.DisableEncodeUrlFilter@48aaaed9, org.springframework.security.web.context.request.async.WebAsyncManagerIntegrationFilter@116915f1, org.springframework.security.web.context.SecurityContextPersistenceFilter@379b4e86, org.springframework.security.web.header.HeaderWriterFilter@3b046e64, org.springframework.security.web.authentication.logout.LogoutFilter@1e66bf2d, org.springframework.security.web.savedrequest.RequestCacheAwareFilter@f439e0f, org.springframework.security.web.servletapi.SecurityContextHolderAwareRequestFilter@3e5c7588, org.springframework.security.web.authentication.AnonymousAuthenticationFilter@27bbe773, org.springframework.security.web.session.SessionManagementFilter@62ee1c89, org.springframework.security.web.access.ExceptionTranslationFilter@43719e98, org.springframework.security.web.access.intercept.FilterSecurityInterceptor@440461ef]
2022-12-10 17:14:47,908 [main] INFO  [com.zaxxer.hikari.HikariDataSource] HikariDataSource.java:110 - HikariPool-1 - Starting...
2022-12-10 17:14:48,123 [main] INFO  [com.zaxxer.hikari.HikariDataSource] HikariDataSource.java:123 - HikariPool-1 - Start completed.
2022-12-10 17:14:48,276 [main] INFO  [s.d.s.web.plugins.DocumentationPluginsBootstrapper] DocumentationPluginsBootstrapper.java:160 - Context refreshed
2022-12-10 17:14:48,295 [main] INFO  [s.d.s.web.plugins.DocumentationPluginsBootstrapper] DocumentationPluginsBootstrapper.java:163 - Found 1 custom documentation plugin(s)
2022-12-10 17:14:48,316 [main] INFO  [s.d.spring.web.scanners.ApiListingReferenceScanner] ApiListingReferenceScanner.java:41 - Scanning for api listing references
2022-12-10 17:14:48,429 [main] INFO  [s.d.s.w.r.operation.CachingOperationNameGenerator] CachingOperationNameGenerator.java:40 - Generating unique operation named: publishUsingPOST_1
2022-12-10 17:14:48,479 [main] INFO  [com.ecnu.tripmap.TripMapApplicationTests] StartupInfoLogger.java:61 - Started TripMapApplicationTests in 5.147 seconds (JVM running for 6.206)
2022-12-10 17:14:48,739 [SpringApplicationShutdownHook] INFO  [com.zaxxer.hikari.HikariDataSource] HikariDataSource.java:350 - HikariPool-1 - Shutdown initiated...
2022-12-10 17:14:48,748 [SpringApplicationShutdownHook] INFO  [com.zaxxer.hikari.HikariDataSource] HikariDataSource.java:352 - HikariPool-1 - Shutdown completed.
2022-12-10 17:14:48,750 [SpringApplicationShutdownHook] INFO  [org.neo4j.driver.internal.InternalDriver] Neo4jSpringJclLogging.java:63 - Closing driver instance 380390717
